2016-10-11 22:46:19 INFO  ConsoleReader:49 - Read from console string fhbfxbhfx
2016-10-11 22:46:19 ERROR ConsoleReader:25 - String fhbfxbhfx not a number.
2016-10-11 22:46:23 INFO  ConsoleReader:49 - Read from console string 23.3256
2016-10-11 22:46:23 INFO  ConsoleReader:22 - Read number 23.3256 from console.
2016-10-11 22:46:27 INFO  ConsoleReader:49 - Read from console string ddsff
2016-10-11 22:46:27 ERROR ConsoleReader:38 - String ddsff not a integer number.
2016-10-11 22:46:30 INFO  ConsoleReader:49 - Read from console string 23
2016-10-11 22:46:30 INFO  ConsoleReader:35 - Read number 23 from console.
2016-10-12 00:15:30 INFO  ConsoleReader:49 - Read from console string 1.79E200
2016-10-12 00:15:30 INFO  ConsoleReader:22 - Read number 1.79E200 from console.
2016-10-12 00:15:34 INFO  ConsoleReader:49 - Read from console string 26
2016-10-12 00:15:34 INFO  ConsoleReader:35 - Read number 26 from console.
2016-10-12 00:16:03 INFO  ConsoleReader:49 - Read from console string 1.79E300
2016-10-12 00:16:03 INFO  ConsoleReader:22 - Read number 1.79E300 from console.
2016-10-12 00:16:06 INFO  ConsoleReader:49 - Read from console string 600
2016-10-12 00:16:06 INFO  ConsoleReader:35 - Read number 600 from console.
2016-10-12 00:16:09 INFO  ConsoleReader:49 - Read from console string ddsg
2016-10-12 00:16:14 INFO  ConsoleReader:49 - Read from console string yes
2016-10-12 00:47:56 INFO  ConsoleReader:49 - Read from console string sogisjgo
2016-10-12 00:47:56 ERROR ConsoleReader:25 - String sogisjgo not a number.
2016-10-12 00:47:58 INFO  ConsoleReader:49 - Read from console string jnjnsf
2016-10-12 00:47:58 ERROR ConsoleReader:25 - String jnjnsf not a number.
2016-10-12 00:47:59 INFO  ConsoleReader:49 - Read from console string ldsngo
2016-10-12 00:47:59 ERROR ConsoleReader:25 - String ldsngo not a number.
2016-10-12 00:48:06 INFO  ConsoleReader:49 - Read from console string 1.73E500
2016-10-12 00:48:06 INFO  ConsoleReader:22 - Read number Infinity from console.
2016-10-12 00:48:12 INFO  ConsoleReader:49 - Read from console string 236
2016-10-12 00:48:12 INFO  ConsoleReader:35 - Read number 236 from console.
2016-10-12 00:51:29 INFO  ConsoleReader:49 - Read from console string 1E2323
2016-10-12 00:51:29 INFO  ConsoleReader:22 - Read number Infinity from console.
2016-10-12 00:52:27 INFO  ConsoleReader:49 - Read from console string 1E300
2016-10-12 00:52:27 INFO  ConsoleReader:22 - Read number 1.0E300 from console.
2016-10-12 00:54:12 INFO  ConsoleReader:49 - Read from console string 1E323
2016-10-12 00:54:12 INFO  ConsoleReader:22 - Read number Infinity from console.
2016-10-12 00:54:13 INFO  ConsoleReader:49 - Read from console string 2
2016-10-12 00:54:13 INFO  ConsoleReader:35 - Read number 2 from console.
2016-10-12 01:04:03 INFO  ConsoleReader:60 - Read from console string 1E3232
2016-10-12 01:04:03 ERROR ConsoleReader:24 - Number 1E3232 is too large
2016-10-12 01:04:13 INFO  ConsoleReader:60 - Read from console string 1.7976931348623157E308
2016-10-12 01:04:13 INFO  ConsoleReader:33 - Read number 1.7976931348623157E308 from console.
2016-10-12 01:04:18 INFO  ConsoleReader:60 - Read from console string 1E365
2016-10-12 01:04:18 ERROR ConsoleReader:49 - String 1E365 not a integer number.
2016-10-12 01:04:55 INFO  ConsoleReader:60 - Read from console string 23
2016-10-12 01:04:55 INFO  ConsoleReader:46 - Read number 23 from console.
2016-10-12 01:09:08 INFO  ConsoleReader:61 - Read from console string 1E32324
2016-10-12 01:09:08 ERROR ConsoleReader:24 - Number 1E32324 is too large
2016-10-12 01:09:18 INFO  ConsoleReader:61 - Read from console string 1.7976931348623157E308
2016-10-12 01:09:18 INFO  ConsoleReader:33 - Read number 1.7976931348623157E308 from console.
2016-10-12 01:09:22 INFO  ConsoleReader:61 - Read from console string 1E3232
2016-10-12 01:09:22 ERROR ConsoleReader:49 - String 1E3232 not a integer number.
2016-10-12 01:10:39 INFO  ConsoleReader:61 - Read from console string ([" + Integer.MIN_VALUE + ", " + Integer.MAX_VALUE + "])
2016-10-12 01:10:39 ERROR ConsoleReader:36 - String ([" + Integer.MIN_VALUE + ", " + Integer.MAX_VALUE + "]) not a number.
2016-10-12 01:10:47 INFO  ConsoleReader:61 - Read from console string 1E323
2016-10-12 01:10:47 ERROR ConsoleReader:24 - Number 1E323 is too large
2016-10-12 01:10:54 INFO  ConsoleReader:61 - Read from console string 1.7976931348623157E308
2016-10-12 01:10:54 INFO  ConsoleReader:33 - Read number 1.7976931348623157E308 from console.
2016-10-12 01:10:57 INFO  ConsoleReader:61 - Read from console string 1.7976931348623157E308
2016-10-12 01:10:57 ERROR ConsoleReader:49 - String 1.7976931348623157E308 not a integer number.
2016-10-12 01:11:07 INFO  ConsoleReader:61 - Read from console string 2147483647
2016-10-12 01:11:07 INFO  ConsoleReader:46 - Read number 2147483647 from console.
2016-10-12 01:11:12 INFO  ConsoleReader:61 - Read from console string df
2016-10-12 01:11:15 INFO  ConsoleReader:61 - Read from console string no
2016-10-12 01:11:26 INFO  ConsoleReader:61 - Read from console string 50
2016-10-12 01:11:26 INFO  ConsoleReader:46 - Read number 50 from console.
2016-10-12 01:14:28 INFO  ConsoleReader:61 - Read from console string 2147483647
2016-10-12 01:14:28 INFO  ConsoleReader:33 - Read number 2.147483647E9 from console.
2016-10-12 01:14:31 INFO  ConsoleReader:61 - Read from console string 500
2016-10-12 01:14:31 INFO  ConsoleReader:46 - Read number 500 from console.
2016-10-12 01:14:57 INFO  ConsoleReader:61 - Read from console string 1E300
2016-10-12 01:14:57 INFO  ConsoleReader:33 - Read number 1.0E300 from console.
2016-10-12 01:14:59 INFO  ConsoleReader:61 - Read from console string 500
2016-10-12 01:14:59 INFO  ConsoleReader:46 - Read number 500 from console.
2016-10-12 01:15:52 INFO  ConsoleReader:61 - Read from console string 0
2016-10-12 01:15:52 INFO  ConsoleReader:33 - Read number 0.0 from console.
2016-10-12 01:15:53 INFO  ConsoleReader:61 - Read from console string 0
2016-10-12 01:15:53 INFO  ConsoleReader:46 - Read number 0 from console.
2016-10-12 01:16:15 INFO  ConsoleReader:61 - Read from console string 20
2016-10-12 01:16:15 INFO  ConsoleReader:33 - Read number 20.0 from console.
2016-10-12 01:16:16 INFO  ConsoleReader:61 - Read from console string 20
2016-10-12 01:16:16 INFO  ConsoleReader:46 - Read number 20 from console.
2016-10-12 01:16:28 INFO  ConsoleReader:61 - Read from console string 20
2016-10-12 01:16:28 INFO  ConsoleReader:33 - Read number 20.0 from console.
2016-10-12 01:16:29 INFO  ConsoleReader:61 - Read from console string 30
2016-10-12 01:16:29 INFO  ConsoleReader:46 - Read number 30 from console.
2016-10-12 01:17:02 INFO  ConsoleReader:61 - Read from console string 20
2016-10-12 01:17:02 INFO  ConsoleReader:33 - Read number 20.0 from console.
2016-10-12 01:17:03 INFO  ConsoleReader:61 - Read from console string 25
2016-10-12 01:17:03 INFO  ConsoleReader:46 - Read number 25 from console.
2016-10-12 01:17:19 INFO  ConsoleReader:61 - Read from console string 20
2016-10-12 01:17:19 INFO  ConsoleReader:33 - Read number 20.0 from console.
2016-10-12 01:17:20 INFO  ConsoleReader:61 - Read from console string 26
2016-10-12 01:17:20 INFO  ConsoleReader:46 - Read number 26 from console.
2016-10-12 01:18:21 INFO  ConsoleReader:61 - Read from console string 1E301
2016-10-12 01:18:21 INFO  ConsoleReader:33 - Read number 1.0E301 from console.
2016-10-12 01:18:26 INFO  ConsoleReader:61 - Read from console string 600
2016-10-12 01:18:26 INFO  ConsoleReader:46 - Read number 600 from console.
2016-10-12 01:18:29 INFO  ConsoleReader:61 - Read from console string yes
2016-10-12 01:19:40 INFO  ConsoleReader:61 - Read from console string 1E303
2016-10-12 01:19:40 INFO  ConsoleReader:33 - Read number 1.0E303 from console.
2016-10-12 01:19:45 INFO  ConsoleReader:61 - Read from console string 700
2016-10-12 01:19:45 INFO  ConsoleReader:46 - Read number 700 from console.
2016-10-12 01:19:48 INFO  ConsoleReader:61 - Read from console string yes
2016-10-12 01:20:58 INFO  ConsoleReader:61 - Read from console string 1E303
2016-10-12 01:20:58 INFO  ConsoleReader:33 - Read number 1.0E303 from console.
2016-10-12 01:21:00 INFO  ConsoleReader:61 - Read from console string 1000
2016-10-12 01:21:00 INFO  ConsoleReader:46 - Read number 1000 from console.
2016-10-12 01:21:02 INFO  ConsoleReader:61 - Read from console string yes
2016-10-12 01:26:54 INFO  ConsoleReader:61 - Read from console string 1E304
2016-10-12 01:26:54 INFO  ConsoleReader:33 - Read number 1.0E304 from console.
2016-10-12 01:27:44 INFO  ConsoleReader:61 - Read from console string 1E305
2016-10-12 01:27:44 INFO  ConsoleReader:33 - Read number 1.0E305 from console.
2016-10-12 01:34:09 INFO  ConsoleReader:61 - Read from console string 1E305
2016-10-12 01:34:09 INFO  ConsoleReader:33 - Read number 1.0E305 from console.
2016-10-12 01:35:06 INFO  ConsoleReader:61 - Read from console string 1E305
2016-10-12 01:35:06 INFO  ConsoleReader:33 - Read number 1.0E305 from console.
2016-10-12 01:51:45 INFO  ConsoleReader:61 - Read from console string 1E305
2016-10-12 01:51:45 INFO  ConsoleReader:33 - Read number 1.0E305 from console.
2016-10-12 01:52:57 INFO  ConsoleReader:61 - Read from console string 1E305
2016-10-12 01:52:57 INFO  ConsoleReader:33 - Read number 1.0E305 from console.
2016-10-12 01:53:03 INFO  ConsoleReader:61 - Read from console string 1001
2016-10-12 01:53:03 INFO  ConsoleReader:46 - Read number 1001 from console.
